Output
 SAAAM BYTECODE GENERATION - FROM CONCEPTS TO NATIVE CODE! 
======================================================================
 Extracted 21 concepts
 GENERATING REVOLUTIONARY BYTECODE FROM CONCEPTS! 🔥
 OPTIMIZING REVOLUTIONARY BYTECODE 
 Generated bytecode module with 1 functions
 Neural variables: ['input', 'magic']

 MAIN FUNCTION BYTECODE (13 instructions):
     0: NEURAL_ALLOC         magic {'neuroplastic': True}
     1: DEBUG_PRINT          Concept: INTENT
     2: DEBUG_PRINT          Concept: INTENT
     3: DEBUG_PRINT          Concept: INTENT
     4: DEBUG_PRINT          Concept: INTENT
     5: NEURAL_ALLOC         input {'neuroplastic': True}
     6: MAKE_FUNCTION        
     7: MAKE_FUNCTION        neural_transform
     8: DEBUG_PRINT          Concept: INTENT
     9: JUMP_IF_FALSE        
    10: DEBUG_PRINT          Concept: INTENT
    11: DEBUG_PRINT          Concept: INTENT
    12: DEBUG_PRINT          Concept: INTENT

 CONSTANTS (0):

 SERIALIZED BYTECODE: 244 bytes
 Ready for native C/CUDA runtime execution! 🔥

 REVOLUTION COMPLETE - NO TOKENIZATION, PURE PERFORMANCE! 🚀
