--------------------------------------------------

    # SAAAM Neural Programming - The Revolution!
    neural magic = 42
    print("Magic starts as integer:", magic)

    # NEUROPLASTIC MORPHING! 🧠⚡
    magic ~> "Hello Neural World!"
    print("Magic morphed to string:", magic)

    magic ~> 3.14159
    print("Magic evolved to float:", magic)

    magic ~> true
    print("Magic transformed to boolean:", magic)

    # Adaptive function with neuroplastic parameter
    fn neural_processor(neural input) {
        print("Processing:", input)

        if input == 0 {
            input ~> "Zero detected!"
        } else {
            input ~> input * 2
        }

        return input
    }

    # Component with reactive state
    component Counter {
        state count = 0

        fn increment() {
            count <=> count + 1  # Bidirectional binding!
        }
    }

    # Test the neural processor
    let result1 = neural_processor(0)
    let result2 = neural_processor(21)

    print("Neural processing complete! 🧠⚡🚀")

--------------------------------------------------

🎯 STEP 1: CONCEPT PROCESSING (NO TOKENIZATION LIKE SAM)
============================================================
✅ Extracted 36 semantic concepts
🧠 Neuroplastic elements: 5
⚡ Revolutionary features: Neuroplastic Typing, Synapse Operators, Component Reactivity, Complex Neural Morphing
🔥 Complexity score: 9.1

🎯 STEP 2: BYTECODE GENERATION
============================================================
🔥 GENERATING REVOLUTIONARY BYTECODE FROM CONCEPTS! 🔥
⚡ OPTIMIZING REVOLUTIONARY BYTECODE ⚡
✅ Generated 1 functions
🧠 Neural variables: ['magic', 'input']
💎 Constants: 0
⚡ Main function: 25 instructions
🔥 Revolutionary operations: NEURAL_ALLOC: magic, NEURAL_ALLOC: input, BIND: None

🎯 STEP 3: NATIVE C/CUDA RUNTIME EXECUTION
============================================================
🔥 NATIVE C/CUDA RUNTIME EXECUTING BYTECODE! 🔥
   🧠 NEURAL_ALLOC: magic allocated in neural memory pool
   🧠 NEURAL_ALLOC: input allocated in neural memory pool
   ⚙️ MAKE_FUNCTION: None
   ⚙️ MAKE_FUNCTION: neural_processor
   ↳ JUMP_IF_FALSE: Control flow branching
   ⚙️ MAKE_FUNCTION: None
   ⚙️ MAKE_FUNCTION: increment
   🔗 BIND: Bidirectional reactive binding activated
✅ Execution completed: True
🧠 Neural variables in memory: 2
⚡ Performance stats: {'morphs': 0, 'neural_allocations': 2, 'gpu_transfers': 0, 'ternary_ops': 0}

🎯 STEP 4: MULTI-TARGET COMPILATION
============================================================
🔥 GENERATED C CODE (for native execution):

/* Generated C code from SAAAM bytecode */
#include "saaam_native_runtime.h"

int main() {
    saaam_runtime_t* runtime = saaam_runtime_init();
    runtime->enable_neuroplastic_optimization = true;
    runtime->enable_ternary_logic = true;

    // Neural variables
        saaam_value_t* magic =...

🌐 GENERATED JAVASCRIPT CODE (for web):

// Generated JavaScript from SAAAM bytecode
class SAAMRuntime {
    constructor() {
        this.neuralPool = new Map();
        this.variables = new Map();
    }

    // Neural morphing in JavaScript
    morph(varName, targetType) {
        const neural = this.neuralPool.get(varName);
        ...

⚡ GENERATED WEBASSEMBLY CODE (for performance):

(module
  (memory $mem 1)
  (global $neural_pool_ptr (mut i32) (i32.const 0))

  ;; Neural memory allocation
  (func $saaam_neural_alloc (param $size i32) (result i32)
    ;; Allocate from neural memory pool
    global.get $neural_pool_ptr
  )

  ;; Neuroplastic morphing
  (func $saaam_morph (p...

🎯 REVOLUTIONARY ARCHITECTURE SUMMARY
============================================================
✅ NO TOKENIZATION - Direct concept processing like SAM
✅ NEUROPLASTIC TYPING - Types evolve at runtime
✅ SYNAPSE OPERATORS - Neural connections in code
✅ NATIVE C/CUDA RUNTIME - Metal-level performance
✅ MULTI-TARGET COMPILATION - Web, native, GPU
✅ TERNARY LOGIC - Beyond true/false
✅ HYBRID MEMORY MANAGEMENT - Neural memory pools
✅ EVENT-DRIVEN EXECUTION - Reactive programming
